<?xml version="1.0" encoding="UTF-8"?>
<testng-results ignored="0" total="1" passed="1" failed="0" skipped="0">
  <reporter-output>
  </reporter-output>
  <suite started-at="2024-08-03T09:29:39 IST" name="Default suite" finished-at="2024-08-03T09:29:55 IST" duration-ms="15692">
    <groups>
    </groups>
    <test started-at="2024-08-03T09:29:39 IST" name="Default test" finished-at="2024-08-03T09:29:55 IST" duration-ms="15692">
      <class name="fitPeo.fitPeo.automateFitpeo">
        <test-method is-config="true" signature="setUp()[pri:0, instance:fitPeo.fitPeo.automateFitpeo@fba92d3]" started-at="2024-08-03T09:29:39 IST" name="setUp" finished-at="2024-08-03T09:29:45 IST" duration-ms="6040" status="PASS">
          <reporter-output>
          </reporter-output>
        </test-method> <!-- setUp -->
        <test-method signature="fitPeoAutomation()[pri:0, instance:fitPeo.fitPeo.automateFitpeo@fba92d3]" started-at="2024-08-03T09:29:45 IST" name="fitPeoAutomation" finished-at="2024-08-03T09:29:54 IST" duration-ms="9366" status="PASS">
          <reporter-output>
          </reporter-output>
        </test-method> <!-- fitPeoAutomation -->
        <test-method is-config="true" signature="tearDown()[pri:0, instance:fitPeo.fitPeo.automateFitpeo@fba92d3]" started-at="2024-08-03T09:29:55 IST" name="tearDown" finished-at="2024-08-03T09:29:55 IST" duration-ms="210" status="PASS">
          <reporter-output>
          </reporter-output>
        </test-method> <!-- tearDown -->
      </class> <!-- fitPeo.fitPeo.automateFitpeo -->
    </test> <!-- Default test -->
  </suite> <!-- Default suite -->
</testng-results>
